<?xml version="1.0" encoding="UTF-8"?>
<!-- Generated by org.testng.reporters.JUnitReportReporter -->
<testsuite hostname="DESKTOP-3CNBKPE" failures="0" tests="3" name="restassured.apiautomation.APIChainingwithPojo" time="4.416" errors="0" timestamp="2023-09-14T23:25:16 IST" skipped="0">
  <testcase classname="restassured.apiautomation.APIChainingwithPojo" name="verifyPostApi" time="3.265"/>
  <system-out/>
  <testcase classname="restassured.apiautomation.APIChainingwithPojo" name="verifyDelApi" time="0.585"/>
  <system-out/>
  <testcase classname="restassured.apiautomation.APIChainingwithPojo" name="verifyPutApi" time="0.566"/>
  <system-out/>
</testsuite> <!-- restassured.apiautomation.APIChainingwithPojo -->
