<?xml version="1.0" encoding="UTF-8"?>
<!-- Generated by org.testng.reporters.JUnitReportReporter -->
<testsuite hostname="DESKTOP-3CNBKPE" failures="0" tests="1" name="restassured.apiautomation.PostApiTest" time="0.528" errors="0" timestamp="2023-09-13T23:27:10 IST" skipped="0">
  <testcase classname="restassured.apiautomation.PostApiTest" name="verifyPostApi" time="0.528"/>
  <system-out/>
</testsuite> <!-- restassured.apiautomation.PostApiTest -->
