<?xml version="1.0" encoding="UTF-8"?>
<!-- Generated by org.testng.reporters.JUnitReportReporter -->
<testsuite hostname="DESKTOP-3CNBKPE" failures="0" tests="1" name="restassured.apiautomation.GetApiTest" time="2.680" errors="0" timestamp="2023-09-15T23:11:17 IST" skipped="0">
  <testcase classname="restassured.apiautomation.GetApiTest" name="verifyGetApi" time="2.680"/>
  <system-out/>
</testsuite> <!-- restassured.apiautomation.GetApiTest -->
