<?xml version="1.0" encoding="UTF-8"?>
<!-- Generated by org.testng.reporters.JUnitReportReporter -->
<testsuite hostname="DESKTOP-3CNBKPE" failures="0" tests="3" name="restassured.apiautomation.APIChaining" time="4.177" errors="0" timestamp="2023-09-16T00:12:09 IST" skipped="0">
  <testcase classname="restassured.apiautomation.APIChaining" name="verifyPutApi" time="0.643"/>
  <system-out/>
  <testcase classname="restassured.apiautomation.APIChaining" name="verifyPostApi" time="3.013"/>
  <system-out/>
  <testcase classname="restassured.apiautomation.APIChaining" name="verifyDelApi" time="0.521"/>
  <system-out/>
</testsuite> <!-- restassured.apiautomation.APIChaining -->
